<?xml version="1.0" encoding="UTF-8"?>
<testng-results ignored="0" total="1" passed="1" failed="0" skipped="0">
  <reporter-output>
  </reporter-output>
  <suite started-at="2022-10-30T14:17:03 IST" name="Default suite" finished-at="2022-10-30T14:17:22 IST" duration-ms="19021">
    <groups>
    </groups>
    <test started-at="2022-10-30T14:17:03 IST" name="Default test" finished-at="2022-10-30T14:17:22 IST" duration-ms="19021">
      <class name="NewTest">
        <test-method is-config="true" signature="launch()[pri:0, instance:NewTest@363ee3a2]" started-at="2022-10-30T14:17:03 IST" name="launch" finished-at="2022-10-30T14:17:07 IST" duration-ms="4348" status="PASS">
          <reporter-output>
          </reporter-output>
        </test-method> <!-- launch -->
        <test-method signature="t1()[pri:0, instance:NewTest@363ee3a2]" started-at="2022-10-30T14:17:07 IST" name="t1" finished-at="2022-10-30T14:17:22 IST" duration-ms="14633" status="PASS">
          <reporter-output>
          </reporter-output>
        </test-method> <!-- t1 -->
      </class> <!-- NewTest -->
    </test> <!-- Default test -->
  </suite> <!-- Default suite -->
</testng-results>
